[0.020s] Invoking command in '/home/tardle/ntriptest/build/mavlink': /usr/bin/cmake /home/tardle/ntriptest/src/mavlink -DCMAKE_INSTALL_PREFIX=/home/tardle/ntriptest/install/mavlink
[0.219s] -- The C compiler identification is GNU 11.4.0
[0.515s] -- The CXX compiler identification is GNU 11.4.0
[0.700s] -- Detecting C compiler ABI info
[0.774s] -- Detecting C compiler ABI info - done
[0.777s] -- Check for working C compiler: /usr/bin/cc - skipped
[0.777s] -- Detecting C compile features
[0.778s] -- Detecting C compile features - done
[0.780s] -- Detecting CXX compiler ABI info
[0.855s] -- Detecting CXX compiler ABI info - done
[0.858s] -- Check for working CXX compiler: /usr/bin/c++ - skipped
[0.859s] -- Detecting CXX compile features
[0.859s] -- Detecting CXX compile features - done
[1.045s] -- Found Python: /usr/bin/python3.10 (found version "3.10.12") found components: Interpreter 
[1.171s] -- MAVLink dialect: common
[1.171s] -- MAVLink version: 2.0
[1.173s] -- Configuring done
[1.175s] -- Generating done
[1.175s] -- Build files have been written to: /home/tardle/ntriptest/build/mavlink
[1.178s] Invoked command in '/home/tardle/ntriptest/build/mavlink' returned '0': /usr/bin/cmake /home/tardle/ntriptest/src/mavlink -DCMAKE_INSTALL_PREFIX=/home/tardle/ntriptest/install/mavlink
[1.179s] Invoking command in '/home/tardle/ntriptest/build/mavlink': /usr/bin/cmake --build /home/tardle/ntriptest/build/mavlink -- -j32 -l32
[1.199s] [100%] [34m[1mGenerating C headers[0m
[1.625s] [31mERROR: Could not open requirements file: [Errno 2] No such file or directory: 'pymavlink/requirements.txt'[0m[31m
[1.645s] [0mgmake[2]: *** [CMakeFiles/generate_c_headers.dir/build.make:73: include/mavlink/common/mavlink.h] Error 1
[1.645s] gmake[1]: *** [CMakeFiles/Makefile2:83: CMakeFiles/generate_c_headers.dir/all] Error 2
[1.645s] gmake: *** [Makefile:136: all] Error 2
[1.646s] Invoked command in '/home/tardle/ntriptest/build/mavlink' returned '2': /usr/bin/cmake --build /home/tardle/ntriptest/build/mavlink -- -j32 -l32
